[19Jan2025 00:00:49.467] [Server thread/WARN] [net.minecraft.server.MinecraftServer/]: Can't keep up! Is the server overloaded? Running 2001ms or 40 ticks behind
[19Jan2025 00:00:57.846] [Server thread/INFO] [net.minecraft.server.network.ServerGamePacketListenerImpl/]: Jos3enriq lost connection: Disconnected
[19Jan2025 00:00:57.846] [Server thread/INFO] [net.minecraft.server.MinecraftServer/]: Jos3enriq left the game
[19Jan2025 00:01:55.864] [Server thread/INFO] [net.minecraft.server.players.PlayerList/]: Jos3enriq[/127.15.68.150:45571] logged in with entity id 81489 at (-218.69999998807907, 65.0, 1124.699999988079)
[19Jan2025 00:01:55.877] [Server thread/INFO] [net.minecraft.server.MinecraftServer/]: Jos3enriq joined the game
[19Jan2025 00:01:55.880] [Server thread/INFO] [Jade/]: Syncing config to Jos3enriq (27cceb0a-89c4-3ca8-a9d5-ec610bc24b46)
[19Jan2025 00:04:00.946] [Server thread/WARN] [net.minecraft.server.level.ServerPlayerGameMode/]: Mismatch in destroy block pos: BlockPos{x=-622, y=68, z=301} BlockPos{x=-621, y=67, z=299}
[19Jan2025 00:04:00.981] [Server thread/WARN] [net.minecraft.server.level.ServerPlayerGameMode/]: Mismatch in destroy block pos: BlockPos{x=-622, y=68, z=301} BlockPos{x=-621, y=67, z=299}
[19Jan2025 00:04:01.017] [Server thread/WARN] [net.minecraft.server.level.ServerPlayerGameMode/]: Mismatch in destroy block pos: BlockPos{x=-622, y=68, z=301} BlockPos{x=-621, y=67, z=299}
[19Jan2025 00:06:31.825] [Server thread/INFO] [net.minecraft.world.entity.npc.Villager/]: Villager Villager['Rod'/82775, l='ServerLevel[world]', x=-498.54, y=-24.00, z=619.00] died, message: 'Rod was slain by Vampire'
[19Jan2025 00:06:31.826] [Server thread/INFO] [net.minecraft.world.entity.LivingEntity/]: Named entity Villager['Rod'/82775, l='ServerLevel[world]', x=-498.54, y=-24.00, z=619.00] died: Rod was slain by Vampire
[19Jan2025 00:06:43.599] [Server thread/INFO] [net.minecraft.world.entity.npc.Villager/]: Villager Villager['Tesha'/82797, l='ServerLevel[world]', x=-500.23, y=-23.00, z=614.30] died, message: 'Tesha was slain by Vampire'
[19Jan2025 00:06:43.599] [Server thread/INFO] [net.minecraft.world.entity.LivingEntity/]: Named entity Villager['Tesha'/82797, l='ServerLevel[world]', x=-500.23, y=-23.00, z=614.30] died: Tesha was slain by Vampire
[19Jan2025 00:06:52.643] [Server thread/INFO] [net.minecraft.world.entity.npc.Villager/]: Villager Villager['Hildegard'/82776, l='ServerLevel[world]', x=-496.00, y=-22.77, z=626.30] died, message: 'Hildegard was slain by Vampire'
[19Jan2025 00:06:52.643] [Server thread/INFO] [net.minecraft.world.entity.LivingEntity/]: Named entity Villager['Hildegard'/82776, l='ServerLevel[world]', x=-496.00, y=-22.77, z=626.30] died: Hildegard was slain by Vampire
[19Jan2025 00:14:35.251] [Server thread/INFO] [net.minecraft.server.MinecraftServer/]: kevin123j2 has made the advancement [Dark Forging]
[19Jan2025 00:17:15.812] [Server thread/WARN] [net.minecraft.server.level.ServerPlayerGameMode/]: Mismatch in destroy block pos: BlockPos{x=-326, y=81, z=-33} BlockPos{x=-326, y=82, z=-33}
[19Jan2025 00:17:50.757] [Server thread/INFO] [net.minecraft.server.MinecraftServer/]: kevin123j2 has reached the goal [Dark Blacksmith]
[19Jan2025 00:33:17.752] [Server thread/INFO] [net.minecraft.server.MinecraftServer/]: kevin123j2 has reached the goal [Protected by Darkness]
[19Jan2025 00:36:26.341] [Server thread/INFO] [net.minecraft.server.MinecraftServer/]: kevin123j2 was slain by Zombie
[19Jan2025 00:37:12.824] [Server thread/INFO] [net.minecraft.server.players.PlayerList/]: davisdrt[/127.215.198.66:56627] logged in with entity id 93700 at (250.70410410611055, 69.0, 1210.5657912976894)
[19Jan2025 00:37:12.836] [Server thread/INFO] [net.minecraft.server.MinecraftServer/]: davisdrt joined the game
[19Jan2025 00:37:12.840] [Server thread/INFO] [Jade/]: Syncing config to davisdrt (74cb11a5-0b51-3278-a2bf-301ecf3b38d0)
[19Jan2025 00:37:18.701] [Server thread/INFO] [net.minecraft.server.MinecraftServer/]: kevin123j2 was blown up by Creeper
[19Jan2025 00:38:02.932] [Server thread/WARN] [net.minecraft.server.MinecraftServer/]: Can't keep up! Is the server overloaded? Running 2466ms or 49 ticks behind
[19Jan2025 00:38:04.087] [Server thread/INFO] [net.minecraft.server.MinecraftServer/]: [Not Secure] <davisdrt> wenas
[19Jan2025 00:38:20.771] [Server thread/WARN] [net.minecraft.server.MinecraftServer/]: Can't keep up! Is the server overloaded? Running 2004ms or 40 ticks behind
[19Jan2025 00:38:37.807] [Server thread/WARN] [net.minecraft.server.MinecraftServer/]: Can't keep up! Is the server overloaded? Running 2040ms or 40 ticks behind
[19Jan2025 00:38:55.311] [Server thread/WARN] [net.minecraft.server.MinecraftServer/]: Can't keep up! Is the server overloaded? Running 2545ms or 50 ticks behind
[19Jan2025 00:39:12.647] [Server thread/WARN] [net.minecraft.server.MinecraftServer/]: Can't keep up! Is the server overloaded? Running 2380ms or 47 ticks behind
[19Jan2025 00:39:30.002] [Server thread/WARN] [net.minecraft.server.MinecraftServer/]: Can't keep up! Is the server overloaded? Running 2385ms or 47 ticks behind
[19Jan2025 00:39:47.879] [Server thread/WARN] [net.minecraft.server.MinecraftServer/]: Can't keep up! Is the server overloaded? Running 2913ms or 58 ticks behind
[19Jan2025 00:40:06.820] [Server thread/WARN] [net.minecraft.server.MinecraftServer/]: Can't keep up! Is the server overloaded? Running 3953ms or 79 ticks behind
[19Jan2025 00:40:25.349] [Server thread/WARN] [net.minecraft.server.MinecraftServer/]: Can't keep up! Is the server overloaded? Running 3532ms or 70 ticks behind
[19Jan2025 00:40:43.449] [Server thread/WARN] [net.minecraft.server.MinecraftServer/]: Can't keep up! Is the server overloaded? Running 3132ms or 62 ticks behind
[19Jan2025 00:41:01.678] [Server thread/WARN] [net.minecraft.server.MinecraftServer/]: Can't keep up! Is the server overloaded? Running 3261ms or 65 ticks behind
[19Jan2025 00:41:19.562] [Server thread/WARN] [net.minecraft.server.MinecraftServer/]: Can't keep up! Is the server overloaded? Running 2895ms or 57 ticks behind
[19Jan2025 00:41:37.180] [Server thread/INFO] [net.minecraft.world.entity.npc.Villager/]: Villager Villager['Gertie'/93822, l='ServerLevel[world]', x=337.70, y=82.94, z=1146.44] died, message: 'Gertie was slain by The Hunter'
[19Jan2025 00:41:37.181] [Server thread/INFO] [net.minecraft.world.entity.LivingEntity/]: Named entity Villager['Gertie'/93822, l='ServerLevel[world]', x=337.70, y=82.94, z=1146.44] died: Gertie was slain by The Hunter
[19Jan2025 00:41:37.355] [Server thread/WARN] [net.minecraft.server.MinecraftServer/]: Can't keep up! Is the server overloaded? Running 2838ms or 56 ticks behind
